<?xml version="1.0" encoding="UTF-8"?>
<testsuite xmlns:xsi="http://www.w3.org/2001/XMLSchema-instance" xsi:noNamespaceSchemaLocation="https://maven.apache.org/surefire/maven-surefire-plugin/xsd/surefire-test-report.xsd" name="com.assignment.testRunner.postdetailRunnerTest" time="3.823" tests="20" errors="2" skipped="1" failures="6">
  <properties>
[...]
</properties>
  <testcase name="Given The post endpoint &quot;http://ec2-54-174-213-136.compute-1.amazonaws.com:3000/&quot;" classname="| 200 |" time="0"/>
  <testcase name="And Post content type &quot;application/json; charset=utf-8&quot;" classname="| 200 |" time="0"/>
  <testcase name="Then Send new 200" classname="| 200 |" time="0.002">
    <error message="Server returned HTTP response code: 500 for URL: http://ec2-54-174-213-136.compute-1.amazonaws.com:3000/posts" type="java.io.IOException">java.io.IOException: Server returned HTTP response code: 500 for URL: http://ec2-54-174-213-136.compute-1.amazonaws.com:3000/posts
Caused by: java.io.IOException: Server returned HTTP response code: 500 for URL: http://ec2-54-174-213-136.compute-1.amazonaws.com:3000/posts
</error>
    <system-out><![CDATA[sending new post *************************
Request ID 138

Sending 'POST' request to URL : http://ec2-54-174-213-136.compute-1.amazonaws.com:3000/posts
Post parameters : { "postId": 15, "id": 138, "name":"Posting  for assignment","email": "kumar.deepaktiwari@gmail.com", "body": "POST api test"}
Response Code : 500
]]></system-out>
  </testcase>
  <testcase name="| 200 |" classname="| 200 |" time="0.002">
    <error message="Server returned HTTP response code: 500 for URL: http://ec2-54-174-213-136.compute-1.amazonaws.com:3000/posts" type="java.io.IOException">java.io.IOException: Server returned HTTP response code: 500 for URL: http://ec2-54-174-213-136.compute-1.amazonaws.com:3000/posts
Caused by: java.io.IOException: Server returned HTTP response code: 500 for URL: http://ec2-54-174-213-136.compute-1.amazonaws.com:3000/posts
</error>
  </testcase>
  <testcase name="And Update post" classname="| 200 |" time="0">
    <skipped/>
  </testcase>
  <testcase name="Given The post endpoint &quot;http://ec2-54-174-213-136.compute-1.amazonaws.com:3000/&quot;" classname="| 400 |" time="0"/>
  <testcase name="And Post content type &quot;application/json; charset=utf-8&quot;" classname="| 400 |" time="0"/>
  <testcase name="Then Send new 400" classname="| 400 |" time="0"/>
  <testcase name="And Update post" classname="| 400 |" time="0.001">
    <failure message="PUT request update failed  expected:&lt;200&gt; but was:&lt;404&gt;" type="java.lang.AssertionError"><![CDATA[java.lang.AssertionError: PUT request update failed  expected:<200> but was:<404>
]]></failure>
    <system-out><![CDATA[updating post *****************************
]]></system-out>
  </testcase>
  <testcase name="| 400 |" classname="| 400 |" time="0.001">
    <failure message="PUT request update failed  expected:&lt;200&gt; but was:&lt;404&gt;" type="java.lang.AssertionError"><![CDATA[java.lang.AssertionError: PUT request update failed  expected:<200> but was:<404>
]]></failure>
  </testcase>
  <testcase name="Given The post endpoint &quot;http://ec2-54-174-213-136.compute-1.amazonaws.com:3000/&quot;" classname="| 600 |" time="0"/>
  <testcase name="And Post content type &quot;application/json; charset=utf-8&quot;" classname="| 600 |" time="0"/>
  <testcase name="Then Send new 600" classname="| 600 |" time="0"/>
  <testcase name="And Update post" classname="| 600 |" time="0">
    <failure message="PUT request update failed  expected:&lt;200&gt; but was:&lt;404&gt;" type="java.lang.AssertionError"><![CDATA[java.lang.AssertionError: PUT request update failed  expected:<200> but was:<404>
]]></failure>
    <system-out><![CDATA[updating post *****************************
]]></system-out>
  </testcase>
  <testcase name="| 600 |" classname="| 600 |" time="0">
    <failure message="PUT request update failed  expected:&lt;200&gt; but was:&lt;404&gt;" type="java.lang.AssertionError"><![CDATA[java.lang.AssertionError: PUT request update failed  expected:<200> but was:<404>
]]></failure>
  </testcase>
  <testcase name="Given The post endpoint &quot;http://ec2-54-174-213-136.compute-1.amazonaws.com:3000/&quot;" classname="| 800 |" time="0"/>
  <testcase name="And Post content type &quot;application/json; charset=utf-8&quot;" classname="| 800 |" time="0"/>
  <testcase name="Then Send new 800" classname="| 800 |" time="0"/>
  <testcase name="And Update post" classname="| 800 |" time="0.001">
    <failure message="PUT request update failed  expected:&lt;200&gt; but was:&lt;404&gt;" type="java.lang.AssertionError"><![CDATA[java.lang.AssertionError: PUT request update failed  expected:<200> but was:<404>
]]></failure>
    <system-out><![CDATA[updating post *****************************
]]></system-out>
  </testcase>
  <testcase name="| 800 |" classname="| 800 |" time="0.002">
    <failure message="PUT request update failed  expected:&lt;200&gt; but was:&lt;404&gt;" type="java.lang.AssertionError"><![CDATA[java.lang.AssertionError: PUT request update failed  expected:<200> but was:<404>
]]></failure>
  </testcase>
</testsuite>